/Users/tyler/Library/Python/3.9/lib/python/site-packages/urllib3/__init__.py:35: NotOpenSSLWarning: urllib3 v2 only supports OpenSSL 1.1.1+, currently the 'ssl' module is compiled with 'LibreSSL 2.8.3'. See: https://github.com/urllib3/urllib3/issues/3020
  warnings.warn(
Fingerprint extraction...
Dataset001_CardiacSeg
/Users/tyler/Library/Python/3.9/lib/python/site-packages/urllib3/__init__.py:35: NotOpenSSLWarning: urllib3 v2 only supports OpenSSL 1.1.1+, currently the 'ssl' module is compiled with 'LibreSSL 2.8.3'. See: https://github.com/urllib3/urllib3/issues/3020
  warnings.warn(
/Users/tyler/Library/Python/3.9/lib/python/site-packages/urllib3/__init__.py:35: NotOpenSSLWarning: urllib3 v2 only supports OpenSSL 1.1.1+, currently the 'ssl' module is compiled with 'LibreSSL 2.8.3'. See: https://github.com/urllib3/urllib3/issues/3020
  warnings.warn(
/Users/tyler/Library/Python/3.9/lib/python/site-packages/urllib3/__init__.py:35: NotOpenSSLWarning: urllib3 v2 only supports OpenSSL 1.1.1+, currently the 'ssl' module is compiled with 'LibreSSL 2.8.3'. See: https://github.com/urllib3/urllib3/issues/3020
  warnings.warn(
/Users/tyler/Library/Python/3.9/lib/python/site-packages/urllib3/__init__.py:35: NotOpenSSLWarning: urllib3 v2 only supports OpenSSL 1.1.1+, currently the 'ssl' module is compiled with 'LibreSSL 2.8.3'. See: https://github.com/urllib3/urllib3/issues/3020
  warnings.warn(
/Users/tyler/Library/Python/3.9/lib/python/site-packages/urllib3/__init__.py:35: NotOpenSSLWarning: urllib3 v2 only supports OpenSSL 1.1.1+, currently the 'ssl' module is compiled with 'LibreSSL 2.8.3'. See: https://github.com/urllib3/urllib3/issues/3020
  warnings.warn(
/Users/tyler/Library/Python/3.9/lib/python/site-packages/urllib3/__init__.py:35: NotOpenSSLWarning: urllib3 v2 only supports OpenSSL 1.1.1+, currently the 'ssl' module is compiled with 'LibreSSL 2.8.3'. See: https://github.com/urllib3/urllib3/issues/3020
  warnings.warn(
/Users/tyler/Library/Python/3.9/lib/python/site-packages/urllib3/__init__.py:35: NotOpenSSLWarning: urllib3 v2 only supports OpenSSL 1.1.1+, currently the 'ssl' module is compiled with 'LibreSSL 2.8.3'. See: https://github.com/urllib3/urllib3/issues/3020
  warnings.warn(
/Users/tyler/Library/Python/3.9/lib/python/site-packages/urllib3/__init__.py:35: NotOpenSSLWarning: urllib3 v2 only supports OpenSSL 1.1.1+, currently the 'ssl' module is compiled with 'LibreSSL 2.8.3'. See: https://github.com/urllib3/urllib3/issues/3020
  warnings.warn(
/Users/tyler/Library/Python/3.9/lib/python/site-packages/urllib3/__init__.py:35: NotOpenSSLWarning: urllib3 v2 only supports OpenSSL 1.1.1+, currently the 'ssl' module is compiled with 'LibreSSL 2.8.3'. See: https://github.com/urllib3/urllib3/issues/3020
  warnings.warn(
/Users/tyler/Library/Python/3.9/lib/python/site-packages/urllib3/__init__.py:35: NotOpenSSLWarning: urllib3 v2 only supports OpenSSL 1.1.1+, currently the 'ssl' module is compiled with 'LibreSSL 2.8.3'. See: https://github.com/urllib3/urllib3/issues/3020
  warnings.warn(
/Users/tyler/Library/Python/3.9/lib/python/site-packages/urllib3/__init__.py:35: NotOpenSSLWarning: urllib3 v2 only supports OpenSSL 1.1.1+, currently the 'ssl' module is compiled with 'LibreSSL 2.8.3'. See: https://github.com/urllib3/urllib3/issues/3020
  warnings.warn(
/Users/tyler/Library/Python/3.9/lib/python/site-packages/urllib3/__init__.py:35: NotOpenSSLWarning: urllib3 v2 only supports OpenSSL 1.1.1+, currently the 'ssl' module is compiled with 'LibreSSL 2.8.3'. See: https://github.com/urllib3/urllib3/issues/3020
  warnings.warn(
Using <class 'nnunetv2.imageio.simpleitk_reader_writer.SimpleITKIO'> as reader/writer
/Users/tyler/Library/Python/3.9/lib/python/site-packages/urllib3/__init__.py:35: NotOpenSSLWarning: urllib3 v2 only supports OpenSSL 1.1.1+, currently the 'ssl' module is compiled with 'LibreSSL 2.8.3'. See: https://github.com/urllib3/urllib3/issues/3020
  warnings.warn(
/Users/tyler/Library/Python/3.9/lib/python/site-packages/urllib3/__init__.py:35: NotOpenSSLWarning: urllib3 v2 only supports OpenSSL 1.1.1+, currently the 'ssl' module is compiled with 'LibreSSL 2.8.3'. See: https://github.com/urllib3/urllib3/issues/3020
  warnings.warn(
/Users/tyler/Library/Python/3.9/lib/python/site-packages/urllib3/__init__.py:35: NotOpenSSLWarning: urllib3 v2 only supports OpenSSL 1.1.1+, currently the 'ssl' module is compiled with 'LibreSSL 2.8.3'. See: https://github.com/urllib3/urllib3/issues/3020
  warnings.warn(
/Users/tyler/Library/Python/3.9/lib/python/site-packages/urllib3/__init__.py:35: NotOpenSSLWarning: urllib3 v2 only supports OpenSSL 1.1.1+, currently the 'ssl' module is compiled with 'LibreSSL 2.8.3'. See: https://github.com/urllib3/urllib3/issues/3020
  warnings.warn(
/Users/tyler/Library/Python/3.9/lib/python/site-packages/urllib3/__init__.py:35: NotOpenSSLWarning: urllib3 v2 only supports OpenSSL 1.1.1+, currently the 'ssl' module is compiled with 'LibreSSL 2.8.3'. See: https://github.com/urllib3/urllib3/issues/3020
  warnings.warn(
/Users/tyler/Library/Python/3.9/lib/python/site-packages/urllib3/__init__.py:35: NotOpenSSLWarning: urllib3 v2 only supports OpenSSL 1.1.1+, currently the 'ssl' module is compiled with 'LibreSSL 2.8.3'. See: https://github.com/urllib3/urllib3/issues/3020
  warnings.warn(
/Users/tyler/Library/Python/3.9/lib/python/site-packages/urllib3/__init__.py:35: NotOpenSSLWarning: urllib3 v2 only supports OpenSSL 1.1.1+, currently the 'ssl' module is compiled with 'LibreSSL 2.8.3'. See: https://github.com/urllib3/urllib3/issues/3020
  warnings.warn(
/Users/tyler/Library/Python/3.9/lib/python/site-packages/urllib3/__init__.py:35: NotOpenSSLWarning: urllib3 v2 only supports OpenSSL 1.1.1+, currently the 'ssl' module is compiled with 'LibreSSL 2.8.3'. See: https://github.com/urllib3/urllib3/issues/3020
  warnings.warn(

####################
verify_dataset_integrity Done. 
If you didn't see any error messages then your dataset is most likely OK!
####################

/Users/tyler/Library/Python/3.9/lib/python/site-packages/urllib3/__init__.py:35: NotOpenSSLWarning: urllib3 v2 only supports OpenSSL 1.1.1+, currently the 'ssl' module is compiled with 'LibreSSL 2.8.3'. See: https://github.com/urllib3/urllib3/issues/3020
  warnings.warn(
/Users/tyler/Library/Python/3.9/lib/python/site-packages/urllib3/__init__.py:35: NotOpenSSLWarning: urllib3 v2 only supports OpenSSL 1.1.1+, currently the 'ssl' module is compiled with 'LibreSSL 2.8.3'. See: https://github.com/urllib3/urllib3/issues/3020
  warnings.warn(
/Users/tyler/Library/Python/3.9/lib/python/site-packages/urllib3/__init__.py:35: NotOpenSSLWarning: urllib3 v2 only supports OpenSSL 1.1.1+, currently the 'ssl' module is compiled with 'LibreSSL 2.8.3'. See: https://github.com/urllib3/urllib3/issues/3020
  warnings.warn(
/Users/tyler/Library/Python/3.9/lib/python/site-packages/urllib3/__init__.py:35: NotOpenSSLWarning: urllib3 v2 only supports OpenSSL 1.1.1+, currently the 'ssl' module is compiled with 'LibreSSL 2.8.3'. See: https://github.com/urllib3/urllib3/issues/3020
  warnings.warn(
/Users/tyler/Library/Python/3.9/lib/python/site-packages/urllib3/__init__.py:35: NotOpenSSLWarning: urllib3 v2 only supports OpenSSL 1.1.1+, currently the 'ssl' module is compiled with 'LibreSSL 2.8.3'. See: https://github.com/urllib3/urllib3/issues/3020
  warnings.warn(
/Users/tyler/Library/Python/3.9/lib/python/site-packages/urllib3/__init__.py:35: NotOpenSSLWarning: urllib3 v2 only supports OpenSSL 1.1.1+, currently the 'ssl' module is compiled with 'LibreSSL 2.8.3'. See: https://github.com/urllib3/urllib3/issues/3020
  warnings.warn(
/Users/tyler/Library/Python/3.9/lib/python/site-packages/urllib3/__init__.py:35: NotOpenSSLWarning: urllib3 v2 only supports OpenSSL 1.1.1+, currently the 'ssl' module is compiled with 'LibreSSL 2.8.3'. See: https://github.com/urllib3/urllib3/issues/3020
  warnings.warn(
/Users/tyler/Library/Python/3.9/lib/python/site-packages/urllib3/__init__.py:35: NotOpenSSLWarning: urllib3 v2 only supports OpenSSL 1.1.1+, currently the 'ssl' module is compiled with 'LibreSSL 2.8.3'. See: https://github.com/urllib3/urllib3/issues/3020
  warnings.warn(
/Users/tyler/Library/Python/3.9/lib/python/site-packages/urllib3/__init__.py:35: NotOpenSSLWarning: urllib3 v2 only supports OpenSSL 1.1.1+, currently the 'ssl' module is compiled with 'LibreSSL 2.8.3'. See: https://github.com/urllib3/urllib3/issues/3020
  warnings.warn(
/Users/tyler/Library/Python/3.9/lib/python/site-packages/urllib3/__init__.py:35: NotOpenSSLWarning: urllib3 v2 only supports OpenSSL 1.1.1+, currently the 'ssl' module is compiled with 'LibreSSL 2.8.3'. See: https://github.com/urllib3/urllib3/issues/3020
  warnings.warn(
/Users/tyler/Library/Python/3.9/lib/python/site-packages/urllib3/__init__.py:35: NotOpenSSLWarning: urllib3 v2 only supports OpenSSL 1.1.1+, currently the 'ssl' module is compiled with 'LibreSSL 2.8.3'. See: https://github.com/urllib3/urllib3/issues/3020
  warnings.warn(
/Users/tyler/Library/Python/3.9/lib/python/site-packages/urllib3/__init__.py:35: NotOpenSSLWarning: urllib3 v2 only supports OpenSSL 1.1.1+, currently the 'ssl' module is compiled with 'LibreSSL 2.8.3'. See: https://github.com/urllib3/urllib3/issues/3020
  warnings.warn(
Experiment planning...

############################
INFO: You are using the old nnU-Net default planner. We have updated our recommendations. Please consider using those instead! Read more here: https://github.com/MIC-DKFZ/nnUNet/blob/master/documentation/resenc_presets.md
############################

/Users/tyler/Library/Python/3.9/lib/python/site-packages/urllib3/__init__.py:35: NotOpenSSLWarning: urllib3 v2 only supports OpenSSL 1.1.1+, currently the 'ssl' module is compiled with 'LibreSSL 2.8.3'. See: https://github.com/urllib3/urllib3/issues/3020
  warnings.warn(
/Users/tyler/Library/Python/3.9/lib/python/site-packages/urllib3/__init__.py:35: NotOpenSSLWarning: urllib3 v2 only supports OpenSSL 1.1.1+, currently the 'ssl' module is compiled with 'LibreSSL 2.8.3'. See: https://github.com/urllib3/urllib3/issues/3020
  warnings.warn(
/Users/tyler/Library/Python/3.9/lib/python/site-packages/urllib3/__init__.py:35: NotOpenSSLWarning: urllib3 v2 only supports OpenSSL 1.1.1+, currently the 'ssl' module is compiled with 'LibreSSL 2.8.3'. See: https://github.com/urllib3/urllib3/issues/3020
  warnings.warn(
/Users/tyler/Library/Python/3.9/lib/python/site-packages/urllib3/__init__.py:35: NotOpenSSLWarning: urllib3 v2 only supports OpenSSL 1.1.1+, currently the 'ssl' module is compiled with 'LibreSSL 2.8.3'. See: https://github.com/urllib3/urllib3/issues/3020
  warnings.warn(
/Users/tyler/Library/Python/3.9/lib/python/site-packages/urllib3/__init__.py:35: NotOpenSSLWarning: urllib3 v2 only supports OpenSSL 1.1.1+, currently the 'ssl' module is compiled with 'LibreSSL 2.8.3'. See: https://github.com/urllib3/urllib3/issues/3020
  warnings.warn(
/Users/tyler/Library/Python/3.9/lib/python/site-packages/urllib3/__init__.py:35: NotOpenSSLWarning: urllib3 v2 only supports OpenSSL 1.1.1+, currently the 'ssl' module is compiled with 'LibreSSL 2.8.3'. See: https://github.com/urllib3/urllib3/issues/3020
  warnings.warn(
/Users/tyler/Library/Python/3.9/lib/python/site-packages/urllib3/__init__.py:35: NotOpenSSLWarning: urllib3 v2 only supports OpenSSL 1.1.1+, currently the 'ssl' module is compiled with 'LibreSSL 2.8.3'. See: https://github.com/urllib3/urllib3/issues/3020
  warnings.warn(
/Users/tyler/Library/Python/3.9/lib/python/site-packages/urllib3/__init__.py:35: NotOpenSSLWarning: urllib3 v2 only supports OpenSSL 1.1.1+, currently the 'ssl' module is compiled with 'LibreSSL 2.8.3'. See: https://github.com/urllib3/urllib3/issues/3020
  warnings.warn(
/Users/tyler/Library/Python/3.9/lib/python/site-packages/urllib3/__init__.py:35: NotOpenSSLWarning: urllib3 v2 only supports OpenSSL 1.1.1+, currently the 'ssl' module is compiled with 'LibreSSL 2.8.3'. See: https://github.com/urllib3/urllib3/issues/3020
  warnings.warn(
/Users/tyler/Library/Python/3.9/lib/python/site-packages/urllib3/__init__.py:35: NotOpenSSLWarning: urllib3 v2 only supports OpenSSL 1.1.1+, currently the 'ssl' module is compiled with 'LibreSSL 2.8.3'. See: https://github.com/urllib3/urllib3/issues/3020
  warnings.warn(
/Users/tyler/Library/Python/3.9/lib/python/site-packages/urllib3/__init__.py:35: NotOpenSSLWarning: urllib3 v2 only supports OpenSSL 1.1.1+, currently the 'ssl' module is compiled with 'LibreSSL 2.8.3'. See: https://github.com/urllib3/urllib3/issues/3020
  warnings.warn(
/Users/tyler/Library/Python/3.9/lib/python/site-packages/urllib3/__init__.py:35: NotOpenSSLWarning: urllib3 v2 only supports OpenSSL 1.1.1+, currently the 'ssl' module is compiled with 'LibreSSL 2.8.3'. See: https://github.com/urllib3/urllib3/issues/3020
  warnings.warn(
Attempting to find 3d_lowres config. 
Current spacing: [0.515      0.40636719 0.40636719]. 
Current patch size: (96, 160, 160). 
Current median shape: [293.68932039 497.08737864 497.08737864]
Attempting to find 3d_lowres config. 
Current spacing: [0.53045   0.4185582 0.4185582]. 
Current patch size: (96, 160, 160). 
Current median shape: [285.13526251 482.60910548 482.60910548]
Attempting to find 3d_lowres config. 
Current spacing: [0.5463635  0.43111495 0.43111495]. 
Current patch size: (96, 160, 160). 
Current median shape: [276.83035195 468.55252959 468.55252959]
Attempting to find 3d_lowres config. 
Current spacing: [0.56275441 0.4440484  0.4440484 ]. 
Current patch size: (96, 160, 160). 
Current median shape: [268.76733199 454.90536853 454.90536853]
Attempting to find 3d_lowres config. 
Current spacing: [0.57963704 0.45736985 0.45736985]. 
Current patch size: (96, 160, 160). 
Current median shape: [260.93915728 441.6556976  441.6556976 ]
Attempting to find 3d_lowres config. 
Current spacing: [0.59702615 0.47109095 0.47109095]. 
Current patch size: (96, 160, 160). 
Current median shape: [253.33898765 428.79193942 428.79193942]
Attempting to find 3d_lowres config. 
Current spacing: [0.61493693 0.48522367 0.48522367]. 
Current patch size: (96, 160, 160). 
Current median shape: [245.96018218 416.30285381 416.30285381]
Attempting to find 3d_lowres config. 
Current spacing: [0.63338504 0.49978038 0.49978038]. 
Current patch size: (96, 160, 160). 
Current median shape: [238.79629338 404.17752797 404.17752797]
Attempting to find 3d_lowres config. 
Current spacing: [0.65238659 0.5147738  0.5147738 ]. 
Current patch size: (96, 160, 160). 
Current median shape: [231.84106153 392.40536696 392.40536696]
Attempting to find 3d_lowres config. 
Current spacing: [0.67195819 0.53021701 0.53021701]. 
Current patch size: (96, 160, 160). 
Current median shape: [225.08840926 380.97608443 380.97608443]
Attempting to find 3d_lowres config. 
Current spacing: [0.69211694 0.54612352 0.54612352]. 
Current patch size: (96, 160, 160). 
Current median shape: [218.53243617 369.87969362 369.87969362]
Attempting to find 3d_lowres config. 
Current spacing: [0.71288044 0.56250722 0.56250722]. 
Current patch size: (96, 160, 160). 
Current median shape: [212.16741376 359.10649866 359.10649866]
Attempting to find 3d_lowres config. 
Current spacing: [0.73426686 0.57938244 0.57938244]. 
Current patch size: (96, 160, 160). 
Current median shape: [205.98778035 348.64708608 348.64708608]
Attempting to find 3d_lowres config. 
Current spacing: [0.75629486 0.59676391 0.59676391]. 
Current patch size: (96, 160, 160). 
Current median shape: [199.98813626 338.49231658 338.49231658]
Attempting to find 3d_lowres config. 
Current spacing: [0.77898371 0.61466683 0.61466683]. 
Current patch size: (96, 160, 160). 
Current median shape: [194.16323909 328.63331707 328.63331707]
Attempting to find 3d_lowres config. 
Current spacing: [0.80235322 0.63310684 0.63310684]. 
Current patch size: (96, 160, 160). 
Current median shape: [188.50799911 319.06147288 319.06147288]
Attempting to find 3d_lowres config. 
Current spacing: [0.82642382 0.65210004 0.65210004]. 
Current patch size: (96, 160, 160). 
Current median shape: [183.01747487 309.76842027 309.76842027]
Attempting to find 3d_lowres config. 
Current spacing: [0.85121653 0.67166304 0.67166304]. 
Current patch size: (96, 160, 160). 
Current median shape: [177.6868688 300.7460391 300.7460391]
Attempting to find 3d_lowres config. 
Current spacing: [0.87675303 0.69181294 0.69181294]. 
Current patch size: (96, 160, 160). 
Current median shape: [172.51152311 291.98644573 291.98644573]
Attempting to find 3d_lowres config. 
Current spacing: [0.90305562 0.71256732 0.71256732]. 
Current patch size: (96, 160, 160). 
Current median shape: [167.48691564 283.48198614 283.48198614]
Attempting to find 3d_lowres config. 
Current spacing: [0.93014729 0.73394434 0.73394434]. 
Current patch size: (96, 160, 160). 
Current median shape: [162.60865596 275.22522927 275.22522927]
Attempting to find 3d_lowres config. 
Current spacing: [0.9580517  0.75596267 0.75596267]. 
Current patch size: (96, 160, 160). 
Current median shape: [157.87248152 267.20896045 267.20896045]
Attempting to find 3d_lowres config. 
Current spacing: [0.98679326 0.77864155 0.77864155]. 
Current patch size: (96, 160, 160). 
Current median shape: [153.2742539 259.4261752 259.4261752]
Attempting to find 3d_lowres config. 
Current spacing: [1.01639705 0.8020008  0.8020008 ]. 
Current patch size: (96, 160, 160). 
Current median shape: [148.80995524 251.87007301 251.87007301]
2D U-Net configuration:
{'data_identifier': 'nnUNetPlans_2d', 'preprocessor_name': 'DefaultPreprocessor', 'batch_size': 12, 'patch_size': (512, 512), 'median_image_size_in_voxels': array([512., 512.]), 'spacing': array([0.39453125, 0.39453125]), 'normalization_schemes': ['CTNormalization'], 'use_mask_for_norm': [False], 'resampling_fn_data': 'resample_data_or_seg_to_shape', 'resampling_fn_seg': 'resample_data_or_seg_to_shape', 'resampling_fn_data_kwargs': {'is_seg': False, 'order': 3, 'order_z': 0, 'force_separate_z': None}, 'resampling_fn_seg_kwargs': {'is_seg': True, 'order': 1, 'order_z': 0, 'force_separate_z': None}, 'resampling_fn_probabilities': 'resample_data_or_seg_to_shape', 'resampling_fn_probabilities_kwargs': {'is_seg': False, 'order': 1, 'order_z': 0, 'force_separate_z': None}, 'architecture': {'network_class_name': 'dynamic_network_architectures.architectures.unet.PlainConvUNet', 'arch_kwargs': {'n_stages': 8, 'features_per_stage': (32, 64, 128, 256, 512, 512, 512, 512), 'conv_op': 'torch.nn.modules.conv.Conv2d', 'kernel_sizes': ((3, 3), (3, 3), (3, 3), (3, 3), (3, 3), (3, 3), (3, 3), (3, 3)), 'strides': ((1, 1), (2, 2), (2, 2), (2, 2), (2, 2), (2, 2), (2, 2), (2, 2)), 'n_conv_per_stage': (2, 2, 2, 2, 2, 2, 2, 2), 'n_conv_per_stage_decoder': (2, 2, 2, 2, 2, 2, 2), 'conv_bias': True, 'norm_op': 'torch.nn.modules.instancenorm.InstanceNorm2d', 'norm_op_kwargs': {'eps': 1e-05, 'affine': True}, 'dropout_op': None, 'dropout_op_kwargs': None, 'nonlin': 'torch.nn.LeakyReLU', 'nonlin_kwargs': {'inplace': True}}, '_kw_requires_import': ('conv_op', 'norm_op', 'dropout_op', 'nonlin')}, 'batch_dice': True}

Using <class 'nnunetv2.imageio.simpleitk_reader_writer.SimpleITKIO'> as reader/writer
3D lowres U-Net configuration:
{'data_identifier': 'nnUNetPlans_3d_lowres', 'preprocessor_name': 'DefaultPreprocessor', 'batch_size': 2, 'patch_size': (96, 160, 160), 'median_image_size_in_voxels': (149, 252, 252), 'spacing': array([1.01639705, 0.8020008 , 0.8020008 ]), 'normalization_schemes': ['CTNormalization'], 'use_mask_for_norm': [False], 'resampling_fn_data': 'resample_data_or_seg_to_shape', 'resampling_fn_seg': 'resample_data_or_seg_to_shape', 'resampling_fn_data_kwargs': {'is_seg': False, 'order': 3, 'order_z': 0, 'force_separate_z': None}, 'resampling_fn_seg_kwargs': {'is_seg': True, 'order': 1, 'order_z': 0, 'force_separate_z': None}, 'resampling_fn_probabilities': 'resample_data_or_seg_to_shape', 'resampling_fn_probabilities_kwargs': {'is_seg': False, 'order': 1, 'order_z': 0, 'force_separate_z': None}, 'architecture': {'network_class_name': 'dynamic_network_architectures.architectures.unet.PlainConvUNet', 'arch_kwargs': {'n_stages': 6, 'features_per_stage': (32, 64, 128, 256, 320, 320), 'conv_op': 'torch.nn.modules.conv.Conv3d', 'kernel_sizes': ((3, 3, 3), (3, 3, 3), (3, 3, 3), (3, 3, 3), (3, 3, 3), (3, 3, 3)), 'strides': ((1, 1, 1), (2, 2, 2), (2, 2, 2), (2, 2, 2), (2, 2, 2), (1, 2, 2)), 'n_conv_per_stage': (2, 2, 2, 2, 2, 2), 'n_conv_per_stage_decoder': (2, 2, 2, 2, 2), 'conv_bias': True, 'norm_op': 'torch.nn.modules.instancenorm.InstanceNorm3d', 'norm_op_kwargs': {'eps': 1e-05, 'affine': True}, 'dropout_op': None, 'dropout_op_kwargs': None, 'nonlin': 'torch.nn.LeakyReLU', 'nonlin_kwargs': {'inplace': True}}, '_kw_requires_import': ('conv_op', 'norm_op', 'dropout_op', 'nonlin')}, 'batch_dice': False, 'next_stage': '3d_cascade_fullres'}

3D fullres U-Net configuration:
{'data_identifier': 'nnUNetPlans_3d_fullres', 'preprocessor_name': 'DefaultPreprocessor', 'batch_size': 2, 'patch_size': (96, 160, 160), 'median_image_size_in_voxels': array([302.5, 512. , 512. ]), 'spacing': array([0.5       , 0.39453125, 0.39453125]), 'normalization_schemes': ['CTNormalization'], 'use_mask_for_norm': [False], 'resampling_fn_data': 'resample_data_or_seg_to_shape', 'resampling_fn_seg': 'resample_data_or_seg_to_shape', 'resampling_fn_data_kwargs': {'is_seg': False, 'order': 3, 'order_z': 0, 'force_separate_z': None}, 'resampling_fn_seg_kwargs': {'is_seg': True, 'order': 1, 'order_z': 0, 'force_separate_z': None}, 'resampling_fn_probabilities': 'resample_data_or_seg_to_shape', 'resampling_fn_probabilities_kwargs': {'is_seg': False, 'order': 1, 'order_z': 0, 'force_separate_z': None}, 'architecture': {'network_class_name': 'dynamic_network_architectures.architectures.unet.PlainConvUNet', 'arch_kwargs': {'n_stages': 6, 'features_per_stage': (32, 64, 128, 256, 320, 320), 'conv_op': 'torch.nn.modules.conv.Conv3d', 'kernel_sizes': ((3, 3, 3), (3, 3, 3), (3, 3, 3), (3, 3, 3), (3, 3, 3), (3, 3, 3)), 'strides': ((1, 1, 1), (2, 2, 2), (2, 2, 2), (2, 2, 2), (2, 2, 2), (1, 2, 2)), 'n_conv_per_stage': (2, 2, 2, 2, 2, 2), 'n_conv_per_stage_decoder': (2, 2, 2, 2, 2), 'conv_bias': True, 'norm_op': 'torch.nn.modules.instancenorm.InstanceNorm3d', 'norm_op_kwargs': {'eps': 1e-05, 'affine': True}, 'dropout_op': None, 'dropout_op_kwargs': None, 'nonlin': 'torch.nn.LeakyReLU', 'nonlin_kwargs': {'inplace': True}}, '_kw_requires_import': ('conv_op', 'norm_op', 'dropout_op', 'nonlin')}, 'batch_dice': True}

Plans were saved to /Users/tyler/Documents/GitHub/CardiacSeg/nnUNet_preprocessed/Dataset001_CardiacSeg/nnUNetPlans.json
Preprocessing...
Preprocessing dataset Dataset001_CardiacSeg
Configuration: 2d...
/Users/tyler/Library/Python/3.9/lib/python/site-packages/urllib3/__init__.py:35: NotOpenSSLWarning: urllib3 v2 only supports OpenSSL 1.1.1+, currently the 'ssl' module is compiled with 'LibreSSL 2.8.3'. See: https://github.com/urllib3/urllib3/issues/3020
  warnings.warn(
/Users/tyler/Library/Python/3.9/lib/python/site-packages/urllib3/__init__.py:35: NotOpenSSLWarning: urllib3 v2 only supports OpenSSL 1.1.1+, currently the 'ssl' module is compiled with 'LibreSSL 2.8.3'. See: https://github.com/urllib3/urllib3/issues/3020
  warnings.warn(
/Users/tyler/Library/Python/3.9/lib/python/site-packages/urllib3/__init__.py:35: NotOpenSSLWarning: urllib3 v2 only supports OpenSSL 1.1.1+, currently the 'ssl' module is compiled with 'LibreSSL 2.8.3'. See: https://github.com/urllib3/urllib3/issues/3020
  warnings.warn(
/Users/tyler/Library/Python/3.9/lib/python/site-packages/urllib3/__init__.py:35: NotOpenSSLWarning: urllib3 v2 only supports OpenSSL 1.1.1+, currently the 'ssl' module is compiled with 'LibreSSL 2.8.3'. See: https://github.com/urllib3/urllib3/issues/3020
  warnings.warn(
/Users/tyler/Library/Python/3.9/lib/python/site-packages/urllib3/__init__.py:35: NotOpenSSLWarning: urllib3 v2 only supports OpenSSL 1.1.1+, currently the 'ssl' module is compiled with 'LibreSSL 2.8.3'. See: https://github.com/urllib3/urllib3/issues/3020
  warnings.warn(
/Users/tyler/Library/Python/3.9/lib/python/site-packages/urllib3/__init__.py:35: NotOpenSSLWarning: urllib3 v2 only supports OpenSSL 1.1.1+, currently the 'ssl' module is compiled with 'LibreSSL 2.8.3'. See: https://github.com/urllib3/urllib3/issues/3020
  warnings.warn(
/Users/tyler/Library/Python/3.9/lib/python/site-packages/urllib3/__init__.py:35: NotOpenSSLWarning: urllib3 v2 only supports OpenSSL 1.1.1+, currently the 'ssl' module is compiled with 'LibreSSL 2.8.3'. See: https://github.com/urllib3/urllib3/issues/3020
  warnings.warn(
/Users/tyler/Library/Python/3.9/lib/python/site-packages/urllib3/__init__.py:35: NotOpenSSLWarning: urllib3 v2 only supports OpenSSL 1.1.1+, currently the 'ssl' module is compiled with 'LibreSSL 2.8.3'. See: https://github.com/urllib3/urllib3/issues/3020
  warnings.warn(
/Users/tyler/Library/Python/3.9/lib/python/site-packages/urllib3/__init__.py:35: NotOpenSSLWarning: urllib3 v2 only supports OpenSSL 1.1.1+, currently the 'ssl' module is compiled with 'LibreSSL 2.8.3'. See: https://github.com/urllib3/urllib3/issues/3020
  warnings.warn(
/Users/tyler/Library/Python/3.9/lib/python/site-packages/urllib3/__init__.py:35: NotOpenSSLWarning: urllib3 v2 only supports OpenSSL 1.1.1+, currently the 'ssl' module is compiled with 'LibreSSL 2.8.3'. See: https://github.com/urllib3/urllib3/issues/3020
  warnings.warn(
/Users/tyler/Library/Python/3.9/lib/python/site-packages/urllib3/__init__.py:35: NotOpenSSLWarning: urllib3 v2 only supports OpenSSL 1.1.1+, currently the 'ssl' module is compiled with 'LibreSSL 2.8.3'. See: https://github.com/urllib3/urllib3/issues/3020
  warnings.warn(
/Users/tyler/Library/Python/3.9/lib/python/site-packages/urllib3/__init__.py:35: NotOpenSSLWarning: urllib3 v2 only supports OpenSSL 1.1.1+, currently the 'ssl' module is compiled with 'LibreSSL 2.8.3'. See: https://github.com/urllib3/urllib3/issues/3020
  warnings.warn(
  0%|          | 0/50 [00:00<?, ?it/s]/Users/tyler/Library/Python/3.9/lib/python/site-packages/urllib3/__init__.py:35: NotOpenSSLWarning: urllib3 v2 only supports OpenSSL 1.1.1+, currently the 'ssl' module is compiled with 'LibreSSL 2.8.3'. See: https://github.com/urllib3/urllib3/issues/3020
  warnings.warn(
/Users/tyler/Library/Python/3.9/lib/python/site-packages/urllib3/__init__.py:35: NotOpenSSLWarning: urllib3 v2 only supports OpenSSL 1.1.1+, currently the 'ssl' module is compiled with 'LibreSSL 2.8.3'. See: https://github.com/urllib3/urllib3/issues/3020
  warnings.warn(
/Users/tyler/Library/Python/3.9/lib/python/site-packages/urllib3/__init__.py:35: NotOpenSSLWarning: urllib3 v2 only supports OpenSSL 1.1.1+, currently the 'ssl' module is compiled with 'LibreSSL 2.8.3'. See: https://github.com/urllib3/urllib3/issues/3020
  warnings.warn(
/Users/tyler/Library/Python/3.9/lib/python/site-packages/urllib3/__init__.py:35: NotOpenSSLWarning: urllib3 v2 only supports OpenSSL 1.1.1+, currently the 'ssl' module is compiled with 'LibreSSL 2.8.3'. See: https://github.com/urllib3/urllib3/issues/3020
  warnings.warn(
/Users/tyler/Library/Python/3.9/lib/python/site-packages/urllib3/__init__.py:35: NotOpenSSLWarning: urllib3 v2 only supports OpenSSL 1.1.1+, currently the 'ssl' module is compiled with 'LibreSSL 2.8.3'. See: https://github.com/urllib3/urllib3/issues/3020
  warnings.warn(
/Users/tyler/Library/Python/3.9/lib/python/site-packages/urllib3/__init__.py:35: NotOpenSSLWarning: urllib3 v2 only supports OpenSSL 1.1.1+, currently the 'ssl' module is compiled with 'LibreSSL 2.8.3'. See: https://github.com/urllib3/urllib3/issues/3020
  warnings.warn(
/Users/tyler/Library/Python/3.9/lib/python/site-packages/urllib3/__init__.py:35: NotOpenSSLWarning: urllib3 v2 only supports OpenSSL 1.1.1+, currently the 'ssl' module is compiled with 'LibreSSL 2.8.3'. See: https://github.com/urllib3/urllib3/issues/3020
  warnings.warn(
/Users/tyler/Library/Python/3.9/lib/python/site-packages/urllib3/__init__.py:35: NotOpenSSLWarning: urllib3 v2 only supports OpenSSL 1.1.1+, currently the 'ssl' module is compiled with 'LibreSSL 2.8.3'. See: https://github.com/urllib3/urllib3/issues/3020
  warnings.warn(
  2%|▏         | 1/50 [00:39<32:34, 39.88s/it]  4%|▍         | 2/50 [00:41<13:40, 17.09s/it]  6%|▌         | 3/50 [00:44<08:40, 11.08s/it]  8%|▊         | 4/50 [00:57<08:51, 11.56s/it] 10%|█         | 5/50 [01:07<08:18, 11.07s/it] 12%|█▏        | 6/50 [01:07<05:27,  7.44s/it] 14%|█▍        | 7/50 [01:09<03:55,  5.48s/it] 16%|█▌        | 8/50 [01:14<03:43,  5.31s/it] 18%|█▊        | 9/50 [01:17<03:05,  4.52s/it] 20%|██        | 10/50 [01:18<02:21,  3.54s/it] 22%|██▏       | 11/50 [01:32<04:24,  6.79s/it] 24%|██▍       | 12/50 [01:45<05:32,  8.76s/it] 26%|██▌       | 13/50 [02:00<06:35, 10.70s/it] 28%|██▊       | 14/50 [02:02<04:43,  7.87s/it] 30%|███       | 15/50 [02:23<06:56, 11.89s/it] 32%|███▏      | 16/50 [02:23<04:46,  8.43s/it] 34%|███▍      | 17/50 [02:34<04:55,  8.94s/it] 36%|███▌      | 18/50 [02:39<04:09,  7.80s/it] 38%|███▊      | 19/50 [02:39<02:51,  5.52s/it] 40%|████      | 20/50 [02:45<02:54,  5.82s/it] 42%|████▏     | 21/50 [02:50<02:36,  5.38s/it] 44%|████▍     | 22/50 [03:09<04:23,  9.41s/it] 46%|████▌     | 23/50 [03:26<05:19, 11.85s/it] 48%|████▊     | 24/50 [03:29<04:02,  9.31s/it] 50%|█████     | 25/50 [03:30<02:49,  6.80s/it] 52%|█████▏    | 26/50 [03:40<03:05,  7.73s/it] 54%|█████▍    | 27/50 [03:44<02:28,  6.46s/it] 56%|█████▌    | 28/50 [03:48<02:06,  5.76s/it] 58%|█████▊    | 29/50 [04:02<02:54,  8.31s/it] 60%|██████    | 30/50 [04:04<02:04,  6.25s/it] 62%|██████▏   | 31/50 [04:15<02:27,  7.78s/it] 64%|██████▍   | 32/50 [04:22<02:14,  7.50s/it] 66%|██████▌   | 33/50 [04:33<02:27,  8.69s/it] 68%|██████▊   | 34/50 [04:45<02:34,  9.64s/it] 70%|███████   | 35/50 [04:50<02:01,  8.11s/it] 72%|███████▏  | 36/50 [04:53<01:33,  6.70s/it] 74%|███████▍  | 37/50 [04:55<01:07,  5.22s/it] 76%|███████▌  | 38/50 [04:57<00:53,  4.43s/it] 78%|███████▊  | 39/50 [05:18<01:40,  9.11s/it] 80%|████████  | 40/50 [05:30<01:41, 10.13s/it] 82%|████████▏ | 41/50 [05:42<01:37, 10.80s/it] 84%|████████▍ | 42/50 [06:06<01:57, 14.75s/it] 86%|████████▌ | 43/50 [06:06<01:12, 10.36s/it] 88%|████████▊ | 44/50 [06:14<00:57,  9.64s/it] 90%|█████████ | 45/50 [06:27<00:53, 10.62s/it] 92%|█████████▏| 46/50 [06:32<00:35,  8.83s/it] 94%|█████████▍| 47/50 [06:38<00:23,  7.91s/it] 96%|█████████▌| 48/50 [06:41<00:13,  6.51s/it] 98%|█████████▊| 49/50 [06:45<00:05,  5.86s/it]100%|██████████| 50/50 [06:57<00:00,  7.71s/it]100%|██████████| 50/50 [06:57<00:00,  8.36s/it]
Configuration: 3d_fullres...
/Users/tyler/Library/Python/3.9/lib/python/site-packages/urllib3/__init__.py:35: NotOpenSSLWarning: urllib3 v2 only supports OpenSSL 1.1.1+, currently the 'ssl' module is compiled with 'LibreSSL 2.8.3'. See: https://github.com/urllib3/urllib3/issues/3020
  warnings.warn(
/Users/tyler/Library/Python/3.9/lib/python/site-packages/urllib3/__init__.py:35: NotOpenSSLWarning: urllib3 v2 only supports OpenSSL 1.1.1+, currently the 'ssl' module is compiled with 'LibreSSL 2.8.3'. See: https://github.com/urllib3/urllib3/issues/3020
  warnings.warn(
/Users/tyler/Library/Python/3.9/lib/python/site-packages/urllib3/__init__.py:35: NotOpenSSLWarning: urllib3 v2 only supports OpenSSL 1.1.1+, currently the 'ssl' module is compiled with 'LibreSSL 2.8.3'. See: https://github.com/urllib3/urllib3/issues/3020
  warnings.warn(
/Users/tyler/Library/Python/3.9/lib/python/site-packages/urllib3/__init__.py:35: NotOpenSSLWarning: urllib3 v2 only supports OpenSSL 1.1.1+, currently the 'ssl' module is compiled with 'LibreSSL 2.8.3'. See: https://github.com/urllib3/urllib3/issues/3020
  warnings.warn(
/Users/tyler/Library/Python/3.9/lib/python/site-packages/urllib3/__init__.py:35: NotOpenSSLWarning: urllib3 v2 only supports OpenSSL 1.1.1+, currently the 'ssl' module is compiled with 'LibreSSL 2.8.3'. See: https://github.com/urllib3/urllib3/issues/3020
  warnings.warn(
/Users/tyler/Library/Python/3.9/lib/python/site-packages/urllib3/__init__.py:35: NotOpenSSLWarning: urllib3 v2 only supports OpenSSL 1.1.1+, currently the 'ssl' module is compiled with 'LibreSSL 2.8.3'. See: https://github.com/urllib3/urllib3/issues/3020
  warnings.warn(
/Users/tyler/Library/Python/3.9/lib/python/site-packages/urllib3/__init__.py:35: NotOpenSSLWarning: urllib3 v2 only supports OpenSSL 1.1.1+, currently the 'ssl' module is compiled with 'LibreSSL 2.8.3'. See: https://github.com/urllib3/urllib3/issues/3020
  warnings.warn(
/Users/tyler/Library/Python/3.9/lib/python/site-packages/urllib3/__init__.py:35: NotOpenSSLWarning: urllib3 v2 only supports OpenSSL 1.1.1+, currently the 'ssl' module is compiled with 'LibreSSL 2.8.3'. See: https://github.com/urllib3/urllib3/issues/3020
  warnings.warn(
/Users/tyler/Library/Python/3.9/lib/python/site-packages/urllib3/__init__.py:35: NotOpenSSLWarning: urllib3 v2 only supports OpenSSL 1.1.1+, currently the 'ssl' module is compiled with 'LibreSSL 2.8.3'. See: https://github.com/urllib3/urllib3/issues/3020
  warnings.warn(
/Users/tyler/Library/Python/3.9/lib/python/site-packages/urllib3/__init__.py:35: NotOpenSSLWarning: urllib3 v2 only supports OpenSSL 1.1.1+, currently the 'ssl' module is compiled with 'LibreSSL 2.8.3'. See: https://github.com/urllib3/urllib3/issues/3020
  warnings.warn(
/Users/tyler/Library/Python/3.9/lib/python/site-packages/urllib3/__init__.py:35: NotOpenSSLWarning: urllib3 v2 only supports OpenSSL 1.1.1+, currently the 'ssl' module is compiled with 'LibreSSL 2.8.3'. See: https://github.com/urllib3/urllib3/issues/3020
  warnings.warn(
/Users/tyler/Library/Python/3.9/lib/python/site-packages/urllib3/__init__.py:35: NotOpenSSLWarning: urllib3 v2 only supports OpenSSL 1.1.1+, currently the 'ssl' module is compiled with 'LibreSSL 2.8.3'. See: https://github.com/urllib3/urllib3/issues/3020
  warnings.warn(
  0%|          | 0/50 [00:00<?, ?it/s]/Users/tyler/Library/Python/3.9/lib/python/site-packages/urllib3/__init__.py:35: NotOpenSSLWarning: urllib3 v2 only supports OpenSSL 1.1.1+, currently the 'ssl' module is compiled with 'LibreSSL 2.8.3'. See: https://github.com/urllib3/urllib3/issues/3020
  warnings.warn(
/Users/tyler/Library/Python/3.9/lib/python/site-packages/urllib3/__init__.py:35: NotOpenSSLWarning: urllib3 v2 only supports OpenSSL 1.1.1+, currently the 'ssl' module is compiled with 'LibreSSL 2.8.3'. See: https://github.com/urllib3/urllib3/issues/3020
  warnings.warn(
/Users/tyler/Library/Python/3.9/lib/python/site-packages/urllib3/__init__.py:35: NotOpenSSLWarning: urllib3 v2 only supports OpenSSL 1.1.1+, currently the 'ssl' module is compiled with 'LibreSSL 2.8.3'. See: https://github.com/urllib3/urllib3/issues/3020
  warnings.warn(
/Users/tyler/Library/Python/3.9/lib/python/site-packages/urllib3/__init__.py:35: NotOpenSSLWarning: urllib3 v2 only supports OpenSSL 1.1.1+, currently the 'ssl' module is compiled with 'LibreSSL 2.8.3'. See: https://github.com/urllib3/urllib3/issues/3020
  warnings.warn(
  2%|▏         | 1/50 [00:45<37:23, 45.79s/it]  4%|▍         | 2/50 [00:53<18:34, 23.23s/it]  6%|▌         | 3/50 [00:53<10:08, 12.95s/it]  8%|▊         | 4/50 [00:54<06:19,  8.24s/it] 10%|█         | 5/50 [01:18<10:12, 13.62s/it] 12%|█▏        | 6/50 [01:22<07:46, 10.61s/it] 14%|█▍        | 7/50 [01:24<05:31,  7.71s/it] 16%|█▌        | 8/50 [01:28<04:37,  6.61s/it] 18%|█▊        | 9/50 [01:47<07:02, 10.31s/it] 20%|██        | 10/50 [01:52<05:49,  8.73s/it] 22%|██▏       | 11/50 [02:04<06:20,  9.75s/it] 24%|██▍       | 12/50 [02:22<07:44, 12.21s/it] 26%|██▌       | 13/50 [02:29<06:36, 10.71s/it] 28%|██▊       | 14/50 [02:43<07:04, 11.79s/it] 32%|███▏      | 16/50 [03:16<07:54, 13.97s/it] 34%|███▍      | 17/50 [03:18<05:57, 10.84s/it] 36%|███▌      | 18/50 [03:19<04:29,  8.41s/it] 38%|███▊      | 19/50 [03:23<03:38,  7.04s/it] 40%|████      | 20/50 [03:50<06:18, 12.61s/it] 42%|████▏     | 21/50 [03:52<04:43,  9.79s/it] 44%|████▍     | 22/50 [04:02<04:30,  9.67s/it] 46%|████▌     | 23/50 [04:07<03:46,  8.38s/it] 48%|████▊     | 24/50 [04:32<05:48, 13.39s/it] 50%|█████     | 25/50 [04:33<03:57,  9.48s/it] 52%|█████▏    | 26/50 [04:40<03:34,  8.95s/it] 54%|█████▍    | 27/50 [04:49<03:23,  8.83s/it] 56%|█████▌    | 28/50 [05:08<04:21, 11.88s/it] 58%|█████▊    | 29/50 [05:10<03:07,  8.93s/it] 60%|██████    | 30/50 [05:12<02:18,  6.95s/it] 62%|██████▏   | 31/50 [05:24<02:41,  8.51s/it] 64%|██████▍   | 32/50 [05:36<02:51,  9.54s/it] 66%|██████▌   | 33/50 [05:42<02:19,  8.23s/it] 68%|██████▊   | 34/50 [05:48<02:04,  7.76s/it] 70%|███████   | 35/50 [06:08<02:48, 11.25s/it] 72%|███████▏  | 36/50 [06:10<01:58,  8.48s/it] 74%|███████▍  | 37/50 [06:11<01:24,  6.50s/it] 76%|███████▌  | 38/50 [06:33<02:11, 10.99s/it] 78%|███████▊  | 39/50 [06:34<01:29,  8.13s/it] 80%|████████  | 40/50 [06:35<00:58,  5.85s/it] 82%|████████▏ | 41/50 [06:52<01:23,  9.29s/it] 84%|████████▍ | 42/50 [07:17<01:51, 13.90s/it] 86%|████████▌ | 43/50 [07:22<01:19, 11.37s/it] 88%|████████▊ | 44/50 [07:37<01:14, 12.44s/it] 90%|█████████ | 45/50 [07:52<01:05, 13.13s/it] 92%|█████████▏| 46/50 [08:09<00:57, 14.31s/it] 94%|█████████▍| 47/50 [08:27<00:45, 15.25s/it] 96%|█████████▌| 48/50 [08:28<00:22, 11.11s/it] 98%|█████████▊| 49/50 [08:29<00:08,  8.21s/it]100%|██████████| 50/50 [08:47<00:00, 11.04s/it]100%|██████████| 50/50 [08:47<00:00, 10.55s/it]
Configuration: 3d_lowres...
/Users/tyler/Library/Python/3.9/lib/python/site-packages/urllib3/__init__.py:35: NotOpenSSLWarning: urllib3 v2 only supports OpenSSL 1.1.1+, currently the 'ssl' module is compiled with 'LibreSSL 2.8.3'. See: https://github.com/urllib3/urllib3/issues/3020
  warnings.warn(
/Users/tyler/Library/Python/3.9/lib/python/site-packages/urllib3/__init__.py:35: NotOpenSSLWarning: urllib3 v2 only supports OpenSSL 1.1.1+, currently the 'ssl' module is compiled with 'LibreSSL 2.8.3'. See: https://github.com/urllib3/urllib3/issues/3020
  warnings.warn(
/Users/tyler/Library/Python/3.9/lib/python/site-packages/urllib3/__init__.py:35: NotOpenSSLWarning: urllib3 v2 only supports OpenSSL 1.1.1+, currently the 'ssl' module is compiled with 'LibreSSL 2.8.3'. See: https://github.com/urllib3/urllib3/issues/3020
  warnings.warn(
/Users/tyler/Library/Python/3.9/lib/python/site-packages/urllib3/__init__.py:35: NotOpenSSLWarning: urllib3 v2 only supports OpenSSL 1.1.1+, currently the 'ssl' module is compiled with 'LibreSSL 2.8.3'. See: https://github.com/urllib3/urllib3/issues/3020
  warnings.warn(
/Users/tyler/Library/Python/3.9/lib/python/site-packages/urllib3/__init__.py:35: NotOpenSSLWarning: urllib3 v2 only supports OpenSSL 1.1.1+, currently the 'ssl' module is compiled with 'LibreSSL 2.8.3'. See: https://github.com/urllib3/urllib3/issues/3020
  warnings.warn(
/Users/tyler/Library/Python/3.9/lib/python/site-packages/urllib3/__init__.py:35: NotOpenSSLWarning: urllib3 v2 only supports OpenSSL 1.1.1+, currently the 'ssl' module is compiled with 'LibreSSL 2.8.3'. See: https://github.com/urllib3/urllib3/issues/3020
  warnings.warn(
/Users/tyler/Library/Python/3.9/lib/python/site-packages/urllib3/__init__.py:35: NotOpenSSLWarning: urllib3 v2 only supports OpenSSL 1.1.1+, currently the 'ssl' module is compiled with 'LibreSSL 2.8.3'. See: https://github.com/urllib3/urllib3/issues/3020
  warnings.warn(
/Users/tyler/Library/Python/3.9/lib/python/site-packages/urllib3/__init__.py:35: NotOpenSSLWarning: urllib3 v2 only supports OpenSSL 1.1.1+, currently the 'ssl' module is compiled with 'LibreSSL 2.8.3'. See: https://github.com/urllib3/urllib3/issues/3020
  warnings.warn(
/Users/tyler/Library/Python/3.9/lib/python/site-packages/urllib3/__init__.py:35: NotOpenSSLWarning: urllib3 v2 only supports OpenSSL 1.1.1+, currently the 'ssl' module is compiled with 'LibreSSL 2.8.3'. See: https://github.com/urllib3/urllib3/issues/3020
  warnings.warn(
/Users/tyler/Library/Python/3.9/lib/python/site-packages/urllib3/__init__.py:35: NotOpenSSLWarning: urllib3 v2 only supports OpenSSL 1.1.1+, currently the 'ssl' module is compiled with 'LibreSSL 2.8.3'. See: https://github.com/urllib3/urllib3/issues/3020
  warnings.warn(
/Users/tyler/Library/Python/3.9/lib/python/site-packages/urllib3/__init__.py:35: NotOpenSSLWarning: urllib3 v2 only supports OpenSSL 1.1.1+, currently the 'ssl' module is compiled with 'LibreSSL 2.8.3'. See: https://github.com/urllib3/urllib3/issues/3020
  warnings.warn(
/Users/tyler/Library/Python/3.9/lib/python/site-packages/urllib3/__init__.py:35: NotOpenSSLWarning: urllib3 v2 only supports OpenSSL 1.1.1+, currently the 'ssl' module is compiled with 'LibreSSL 2.8.3'. See: https://github.com/urllib3/urllib3/issues/3020
  warnings.warn(
  0%|          | 0/50 [00:00<?, ?it/s]/Users/tyler/Library/Python/3.9/lib/python/site-packages/urllib3/__init__.py:35: NotOpenSSLWarning: urllib3 v2 only supports OpenSSL 1.1.1+, currently the 'ssl' module is compiled with 'LibreSSL 2.8.3'. See: https://github.com/urllib3/urllib3/issues/3020
  warnings.warn(
/Users/tyler/Library/Python/3.9/lib/python/site-packages/urllib3/__init__.py:35: NotOpenSSLWarning: urllib3 v2 only supports OpenSSL 1.1.1+, currently the 'ssl' module is compiled with 'LibreSSL 2.8.3'. See: https://github.com/urllib3/urllib3/issues/3020
  warnings.warn(
/Users/tyler/Library/Python/3.9/lib/python/site-packages/urllib3/__init__.py:35: NotOpenSSLWarning: urllib3 v2 only supports OpenSSL 1.1.1+, currently the 'ssl' module is compiled with 'LibreSSL 2.8.3'. See: https://github.com/urllib3/urllib3/issues/3020
  warnings.warn(
/Users/tyler/Library/Python/3.9/lib/python/site-packages/urllib3/__init__.py:35: NotOpenSSLWarning: urllib3 v2 only supports OpenSSL 1.1.1+, currently the 'ssl' module is compiled with 'LibreSSL 2.8.3'. See: https://github.com/urllib3/urllib3/issues/3020
  warnings.warn(
/Users/tyler/Library/Python/3.9/lib/python/site-packages/urllib3/__init__.py:35: NotOpenSSLWarning: urllib3 v2 only supports OpenSSL 1.1.1+, currently the 'ssl' module is compiled with 'LibreSSL 2.8.3'. See: https://github.com/urllib3/urllib3/issues/3020
  warnings.warn(
/Users/tyler/Library/Python/3.9/lib/python/site-packages/urllib3/__init__.py:35: NotOpenSSLWarning: urllib3 v2 only supports OpenSSL 1.1.1+, currently the 'ssl' module is compiled with 'LibreSSL 2.8.3'. See: https://github.com/urllib3/urllib3/issues/3020
  warnings.warn(
/Users/tyler/Library/Python/3.9/lib/python/site-packages/urllib3/__init__.py:35: NotOpenSSLWarning: urllib3 v2 only supports OpenSSL 1.1.1+, currently the 'ssl' module is compiled with 'LibreSSL 2.8.3'. See: https://github.com/urllib3/urllib3/issues/3020
  warnings.warn(
/Users/tyler/Library/Python/3.9/lib/python/site-packages/urllib3/__init__.py:35: NotOpenSSLWarning: urllib3 v2 only supports OpenSSL 1.1.1+, currently the 'ssl' module is compiled with 'LibreSSL 2.8.3'. See: https://github.com/urllib3/urllib3/issues/3020
  warnings.warn(
  2%|▏         | 1/50 [00:18<15:00, 18.38s/it]  4%|▍         | 2/50 [00:18<06:09,  7.69s/it]  6%|▌         | 3/50 [00:18<03:18,  4.23s/it]  8%|▊         | 4/50 [00:21<02:51,  3.74s/it] 10%|█         | 5/50 [00:24<02:28,  3.29s/it] 12%|█▏        | 6/50 [00:24<01:37,  2.21s/it] 14%|█▍        | 7/50 [00:25<01:14,  1.73s/it] 16%|█▌        | 8/50 [00:25<00:52,  1.24s/it] 18%|█▊        | 9/50 [00:33<02:26,  3.58s/it] 20%|██        | 10/50 [00:34<01:47,  2.70s/it] 22%|██▏       | 11/50 [00:36<01:38,  2.54s/it] 24%|██▍       | 12/50 [00:38<01:31,  2.40s/it] 26%|██▌       | 13/50 [00:43<01:56,  3.15s/it] 28%|██▊       | 14/50 [00:46<01:49,  3.04s/it] 30%|███       | 15/50 [00:47<01:28,  2.53s/it] 32%|███▏      | 16/50 [00:50<01:22,  2.42s/it] 34%|███▍      | 17/50 [00:51<01:10,  2.13s/it] 36%|███▌      | 18/50 [00:55<01:27,  2.74s/it] 38%|███▊      | 19/50 [00:55<01:00,  1.95s/it] 40%|████      | 20/50 [01:00<01:23,  2.79s/it] 42%|████▏     | 21/50 [01:03<01:18,  2.70s/it] 44%|████▍     | 22/50 [01:05<01:13,  2.63s/it] 46%|████▌     | 23/50 [01:06<00:58,  2.18s/it] 48%|████▊     | 24/50 [01:09<01:04,  2.50s/it] 50%|█████     | 25/50 [01:11<00:55,  2.22s/it] 52%|█████▏    | 26/50 [01:13<00:50,  2.11s/it] 54%|█████▍    | 27/50 [01:13<00:37,  1.63s/it] 56%|█████▌    | 28/50 [01:15<00:36,  1.64s/it] 58%|█████▊    | 29/50 [01:17<00:39,  1.86s/it] 60%|██████    | 30/50 [01:21<00:45,  2.27s/it] 62%|██████▏   | 31/50 [01:23<00:44,  2.33s/it] 64%|██████▍   | 32/50 [01:25<00:39,  2.19s/it] 66%|██████▌   | 33/50 [01:25<00:28,  1.66s/it] 68%|██████▊   | 34/50 [01:31<00:47,  2.96s/it] 70%|███████   | 35/50 [01:32<00:32,  2.14s/it] 72%|███████▏  | 36/50 [01:32<00:21,  1.53s/it] 74%|███████▍  | 37/50 [01:34<00:24,  1.85s/it] 76%|███████▌  | 38/50 [01:38<00:27,  2.28s/it] 78%|███████▊  | 39/50 [01:42<00:31,  2.84s/it] 80%|████████  | 40/50 [01:42<00:21,  2.14s/it] 82%|████████▏ | 41/50 [01:46<00:23,  2.61s/it] 84%|████████▍ | 42/50 [01:52<00:29,  3.72s/it] 86%|████████▌ | 43/50 [01:53<00:19,  2.82s/it] 88%|████████▊ | 44/50 [01:54<00:14,  2.38s/it] 90%|█████████ | 45/50 [01:57<00:12,  2.56s/it] 92%|█████████▏| 46/50 [01:58<00:07,  1.95s/it] 94%|█████████▍| 47/50 [01:59<00:05,  1.70s/it] 96%|█████████▌| 48/50 [01:59<00:02,  1.35s/it] 98%|█████████▊| 49/50 [02:00<00:01,  1.07s/it]100%|██████████| 50/50 [02:03<00:00,  1.82s/it]100%|██████████| 50/50 [02:04<00:00,  2.48s/it]
/Users/tyler/Library/Python/3.9/lib/python/site-packages/urllib3/__init__.py:35: NotOpenSSLWarning: urllib3 v2 only supports OpenSSL 1.1.1+, currently the 'ssl' module is compiled with 'LibreSSL 2.8.3'. See: https://github.com/urllib3/urllib3/issues/3020
  warnings.warn(
/Users/tyler/Library/Python/3.9/lib/python/site-packages/urllib3/__init__.py:35: NotOpenSSLWarning: urllib3 v2 only supports OpenSSL 1.1.1+, currently the 'ssl' module is compiled with 'LibreSSL 2.8.3'. See: https://github.com/urllib3/urllib3/issues/3020
  warnings.warn(
/Users/tyler/Library/Python/3.9/lib/python/site-packages/urllib3/__init__.py:35: NotOpenSSLWarning: urllib3 v2 only supports OpenSSL 1.1.1+, currently the 'ssl' module is compiled with 'LibreSSL 2.8.3'. See: https://github.com/urllib3/urllib3/issues/3020
  warnings.warn(
/Users/tyler/Library/Python/3.9/lib/python/site-packages/urllib3/__init__.py:35: NotOpenSSLWarning: urllib3 v2 only supports OpenSSL 1.1.1+, currently the 'ssl' module is compiled with 'LibreSSL 2.8.3'. See: https://github.com/urllib3/urllib3/issues/3020
  warnings.warn(
/Users/tyler/Library/Python/3.9/lib/python/site-packages/urllib3/__init__.py:35: NotOpenSSLWarning: urllib3 v2 only supports OpenSSL 1.1.1+, currently the 'ssl' module is compiled with 'LibreSSL 2.8.3'. See: https://github.com/urllib3/urllib3/issues/3020
  warnings.warn(
/Users/tyler/Library/Python/3.9/lib/python/site-packages/urllib3/__init__.py:35: NotOpenSSLWarning: urllib3 v2 only supports OpenSSL 1.1.1+, currently the 'ssl' module is compiled with 'LibreSSL 2.8.3'. See: https://github.com/urllib3/urllib3/issues/3020
  warnings.warn(
/Users/tyler/Library/Python/3.9/lib/python/site-packages/urllib3/__init__.py:35: NotOpenSSLWarning: urllib3 v2 only supports OpenSSL 1.1.1+, currently the 'ssl' module is compiled with 'LibreSSL 2.8.3'. See: https://github.com/urllib3/urllib3/issues/3020
  warnings.warn(
/Users/tyler/Library/Python/3.9/lib/python/site-packages/urllib3/__init__.py:35: NotOpenSSLWarning: urllib3 v2 only supports OpenSSL 1.1.1+, currently the 'ssl' module is compiled with 'LibreSSL 2.8.3'. See: https://github.com/urllib3/urllib3/issues/3020
  warnings.warn(
/Users/tyler/Library/Python/3.9/lib/python/site-packages/urllib3/__init__.py:35: NotOpenSSLWarning: urllib3 v2 only supports OpenSSL 1.1.1+, currently the 'ssl' module is compiled with 'LibreSSL 2.8.3'. See: https://github.com/urllib3/urllib3/issues/3020
  warnings.warn(
/Users/tyler/Library/Python/3.9/lib/python/site-packages/urllib3/__init__.py:35: NotOpenSSLWarning: urllib3 v2 only supports OpenSSL 1.1.1+, currently the 'ssl' module is compiled with 'LibreSSL 2.8.3'. See: https://github.com/urllib3/urllib3/issues/3020
  warnings.warn(
/Users/tyler/Library/Python/3.9/lib/python/site-packages/urllib3/__init__.py:35: NotOpenSSLWarning: urllib3 v2 only supports OpenSSL 1.1.1+, currently the 'ssl' module is compiled with 'LibreSSL 2.8.3'. See: https://github.com/urllib3/urllib3/issues/3020
  warnings.warn(
/Users/tyler/Library/Python/3.9/lib/python/site-packages/urllib3/__init__.py:35: NotOpenSSLWarning: urllib3 v2 only supports OpenSSL 1.1.1+, currently the 'ssl' module is compiled with 'LibreSSL 2.8.3'. See: https://github.com/urllib3/urllib3/issues/3020
  warnings.warn(

############################
INFO: You are using the old nnU-Net default plans. We have updated our recommendations. Please consider using those instead! Read more here: https://github.com/MIC-DKFZ/nnUNet/blob/master/documentation/resenc_presets.md
############################

Using device: mps

#######################################################################
Please cite the following paper when using nnU-Net:
Isensee, F., Jaeger, P. F., Kohl, S. A., Petersen, J., & Maier-Hein, K. H. (2021). nnU-Net: a self-configuring method for deep learning-based biomedical image segmentation. Nature methods, 18(2), 203-211.
#######################################################################

2025-11-16 11:10:36.396549: do_dummy_2d_data_aug: False
2025-11-16 11:10:36.396909: Using splits from existing split file: /Users/tyler/Documents/GitHub/CardiacSeg/nnUNet_preprocessed/Dataset001_CardiacSeg/splits_final.json
2025-11-16 11:10:36.397116: The split file contains 5 splits.
2025-11-16 11:10:36.397153: Desired fold for training: 0
2025-11-16 11:10:36.397189: This split has 40 training and 10 validation cases.
/Users/tyler/Documents/GitHub/CardiacSeg/.venv311/lib/python3.11/site-packages/fft_conv_pytorch/fft_conv.py:139: UserWarning: Using a non-tuple sequence for multidimensional indexing is deprecated and will be changed in pytorch 2.9; use x[tuple(seq)] instead of x[seq]. In pytorch 2.9 this will be interpreted as tensor index, x[torch.tensor(seq)], which will result either in an error or a different result (Triggered internally at /Users/runner/work/pytorch/pytorch/pytorch/torch/csrc/autograd/python_variable_indexing.cpp:351.)
  output = output[crop_slices].contiguous()
/Users/tyler/Documents/GitHub/CardiacSeg/.venv311/lib/python3.11/site-packages/fft_conv_pytorch/fft_conv.py:139: UserWarning: Using a non-tuple sequence for multidimensional indexing is deprecated and will be changed in pytorch 2.9; use x[tuple(seq)] instead of x[seq]. In pytorch 2.9 this will be interpreted as tensor index, x[torch.tensor(seq)], which will result either in an error or a different result (Triggered internally at /Users/runner/work/pytorch/pytorch/pytorch/torch/csrc/autograd/python_variable_indexing.cpp:351.)
  output = output[crop_slices].contiguous()
/Users/tyler/Documents/GitHub/CardiacSeg/.venv311/lib/python3.11/site-packages/fft_conv_pytorch/fft_conv.py:139: UserWarning: Using a non-tuple sequence for multidimensional indexing is deprecated and will be changed in pytorch 2.9; use x[tuple(seq)] instead of x[seq]. In pytorch 2.9 this will be interpreted as tensor index, x[torch.tensor(seq)], which will result either in an error or a different result (Triggered internally at /Users/runner/work/pytorch/pytorch/pytorch/torch/csrc/autograd/python_variable_indexing.cpp:351.)
  output = output[crop_slices].contiguous()
/Users/tyler/Documents/GitHub/CardiacSeg/.venv311/lib/python3.11/site-packages/fft_conv_pytorch/fft_conv.py:139: UserWarning: Using a non-tuple sequence for multidimensional indexing is deprecated and will be changed in pytorch 2.9; use x[tuple(seq)] instead of x[seq]. In pytorch 2.9 this will be interpreted as tensor index, x[torch.tensor(seq)], which will result either in an error or a different result (Triggered internally at /Users/runner/work/pytorch/pytorch/pytorch/torch/csrc/autograd/python_variable_indexing.cpp:351.)
  output = output[crop_slices].contiguous()
/Users/tyler/Documents/GitHub/CardiacSeg/.venv311/lib/python3.11/site-packages/fft_conv_pytorch/fft_conv.py:139: UserWarning: Using a non-tuple sequence for multidimensional indexing is deprecated and will be changed in pytorch 2.9; use x[tuple(seq)] instead of x[seq]. In pytorch 2.9 this will be interpreted as tensor index, x[torch.tensor(seq)], which will result either in an error or a different result (Triggered internally at /Users/runner/work/pytorch/pytorch/pytorch/torch/csrc/autograd/python_variable_indexing.cpp:351.)
  output = output[crop_slices].contiguous()
/Users/tyler/Documents/GitHub/CardiacSeg/.venv311/lib/python3.11/site-packages/fft_conv_pytorch/fft_conv.py:139: UserWarning: Using a non-tuple sequence for multidimensional indexing is deprecated and will be changed in pytorch 2.9; use x[tuple(seq)] instead of x[seq]. In pytorch 2.9 this will be interpreted as tensor index, x[torch.tensor(seq)], which will result either in an error or a different result (Triggered internally at /Users/runner/work/pytorch/pytorch/pytorch/torch/csrc/autograd/python_variable_indexing.cpp:351.)
  output = output[crop_slices].contiguous()

This is the configuration used by this training:
Configuration name: 3d_lowres
 {'data_identifier': 'nnUNetPlans_3d_lowres', 'preprocessor_name': 'DefaultPreprocessor', 'batch_size': 2, 'patch_size': [96, 160, 160], 'median_image_size_in_voxels': [149, 252, 252], 'spacing': [1.0163970532302022, 0.8020007998144563, 0.8020007998144563], 'normalization_schemes': ['CTNormalization'], 'use_mask_for_norm': [False], 'resampling_fn_data': 'resample_data_or_seg_to_shape', 'resampling_fn_seg': 'resample_data_or_seg_to_shape', 'resampling_fn_data_kwargs': {'is_seg': False, 'order': 3, 'order_z': 0, 'force_separate_z': None}, 'resampling_fn_seg_kwargs': {'is_seg': True, 'order': 1, 'order_z': 0, 'force_separate_z': None}, 'resampling_fn_probabilities': 'resample_data_or_seg_to_shape', 'resampling_fn_probabilities_kwargs': {'is_seg': False, 'order': 1, 'order_z': 0, 'force_separate_z': None}, 'architecture': {'network_class_name': 'dynamic_network_architectures.architectures.unet.PlainConvUNet', 'arch_kwargs': {'n_stages': 6, 'features_per_stage': [32, 64, 128, 256, 320, 320], 'conv_op': 'torch.nn.modules.conv.Conv3d', 'kernel_sizes': [[3, 3, 3], [3, 3, 3], [3, 3, 3], [3, 3, 3], [3, 3, 3], [3, 3, 3]], 'strides': [[1, 1, 1], [2, 2, 2], [2, 2, 2], [2, 2, 2], [2, 2, 2], [1, 2, 2]], 'n_conv_per_stage': [2, 2, 2, 2, 2, 2], 'n_conv_per_stage_decoder': [2, 2, 2, 2, 2], 'conv_bias': True, 'norm_op': 'torch.nn.modules.instancenorm.InstanceNorm3d', 'norm_op_kwargs': {'eps': 1e-05, 'affine': True}, 'dropout_op': None, 'dropout_op_kwargs': None, 'nonlin': 'torch.nn.LeakyReLU', 'nonlin_kwargs': {'inplace': True}}, '_kw_requires_import': ['conv_op', 'norm_op', 'dropout_op', 'nonlin']}, 'batch_dice': False, 'next_stage': '3d_cascade_fullres'} 

These are the global plan.json settings:
 {'dataset_name': 'Dataset001_CardiacSeg', 'plans_name': 'nnUNetPlans', 'original_median_spacing_after_transp': [0.5, 0.39453125, 0.39453125], 'original_median_shape_after_transp': [340, 512, 512], 'image_reader_writer': 'SimpleITKIO', 'transpose_forward': [0, 1, 2], 'transpose_backward': [0, 1, 2], 'experiment_planner_used': 'ExperimentPlanner', 'label_manager': 'LabelManager', 'foreground_intensity_properties_per_channel': {'0': {'max': 1819.0, 'mean': 136.5193634033203, 'median': 115.0, 'min': -882.0, 'percentile_00_5': -31.0, 'percentile_99_5': 478.0, 'std': 91.3119888305664}}} 

/Users/tyler/Documents/GitHub/CardiacSeg/.venv311/lib/python3.11/site-packages/fft_conv_pytorch/fft_conv.py:139: UserWarning: Using a non-tuple sequence for multidimensional indexing is deprecated and will be changed in pytorch 2.9; use x[tuple(seq)] instead of x[seq]. In pytorch 2.9 this will be interpreted as tensor index, x[torch.tensor(seq)], which will result either in an error or a different result (Triggered internally at /Users/runner/work/pytorch/pytorch/pytorch/torch/csrc/autograd/python_variable_indexing.cpp:351.)
  output = output[crop_slices].contiguous()
/Users/tyler/Documents/GitHub/CardiacSeg/.venv311/lib/python3.11/site-packages/fft_conv_pytorch/fft_conv.py:139: UserWarning: Using a non-tuple sequence for multidimensional indexing is deprecated and will be changed in pytorch 2.9; use x[tuple(seq)] instead of x[seq]. In pytorch 2.9 this will be interpreted as tensor index, x[torch.tensor(seq)], which will result either in an error or a different result (Triggered internally at /Users/runner/work/pytorch/pytorch/pytorch/torch/csrc/autograd/python_variable_indexing.cpp:351.)
  output = output[crop_slices].contiguous()
/Users/tyler/Documents/GitHub/CardiacSeg/.venv311/lib/python3.11/site-packages/fft_conv_pytorch/fft_conv.py:139: UserWarning: Using a non-tuple sequence for multidimensional indexing is deprecated and will be changed in pytorch 2.9; use x[tuple(seq)] instead of x[seq]. In pytorch 2.9 this will be interpreted as tensor index, x[torch.tensor(seq)], which will result either in an error or a different result (Triggered internally at /Users/runner/work/pytorch/pytorch/pytorch/torch/csrc/autograd/python_variable_indexing.cpp:351.)
  output = output[crop_slices].contiguous()
/Users/tyler/Documents/GitHub/CardiacSeg/.venv311/lib/python3.11/site-packages/fft_conv_pytorch/fft_conv.py:139: UserWarning: Using a non-tuple sequence for multidimensional indexing is deprecated and will be changed in pytorch 2.9; use x[tuple(seq)] instead of x[seq]. In pytorch 2.9 this will be interpreted as tensor index, x[torch.tensor(seq)], which will result either in an error or a different result (Triggered internally at /Users/runner/work/pytorch/pytorch/pytorch/torch/csrc/autograd/python_variable_indexing.cpp:351.)
  output = output[crop_slices].contiguous()
Traceback (most recent call last):
  File "<frozen runpy>", line 198, in _run_module_as_main
  File "<frozen runpy>", line 88, in _run_code
  File "/Users/tyler/Documents/GitHub/CardiacSeg/.venv311/lib/python3.11/site-packages/nnunetv2/run/run_training.py", line 278, in <module>
    run_training_entry()
  File "/Users/tyler/Documents/GitHub/CardiacSeg/.venv311/lib/python3.11/site-packages/nnunetv2/run/run_training.py", line 266, in run_training_entry
    run_training(args.dataset_name_or_id, args.configuration, args.fold, args.tr, args.p, args.pretrained_weights,
  File "/Users/tyler/Documents/GitHub/CardiacSeg/.venv311/lib/python3.11/site-packages/nnunetv2/run/run_training.py", line 207, in run_training
    nnunet_trainer.run_training()
  File "/Users/tyler/Documents/GitHub/CardiacSeg/.venv311/lib/python3.11/site-packages/nnunetv2/training/nnUNetTrainer/nnUNetTrainer.py", line 1371, in run_training
    train_outputs.append(self.train_step(next(self.dataloader_train)))
                         ^^^^^^^^^^^^^^^^^^^^^^^^^^^^^^^^^^^^^^^^^^^^
  File "/Users/tyler/Documents/GitHub/CardiacSeg/.venv311/lib/python3.11/site-packages/nnunetv2/training/nnUNetTrainer/nnUNetTrainer.py", line 1003, in train_step
    return {'loss': l.detach().cpu().numpy()}
                    ^^^^^^^^^^^^^^^^
KeyboardInterrupt
Exception in thread Thread-2 (results_loop):
Traceback (most recent call last):
  File "/opt/homebrew/Cellar/python@3.11/3.11.13/Frameworks/Python.framework/Versions/3.11/lib/python3.11/threading.py", line 1045, in _bootstrap_inner
    self.run()
  File "/opt/homebrew/Cellar/python@3.11/3.11.13/Frameworks/Python.framework/Versions/3.11/lib/python3.11/threading.py", line 982, in run
    self._target(*self._args, **self._kwargs)
  File "/Users/tyler/Documents/GitHub/CardiacSeg/.venv311/lib/python3.11/site-packages/batchgenerators/dataloading/nondet_multi_threaded_augmenter.py", line 125, in results_loop
    raise e
  File "/Users/tyler/Documents/GitHub/CardiacSeg/.venv311/lib/python3.11/site-packages/batchgenerators/dataloading/nondet_multi_threaded_augmenter.py", line 103, in results_loop
    raise RuntimeError("One or more background workers are no longer alive. Exiting. Please check the "
RuntimeError: One or more background workers are no longer alive. Exiting. Please check the print statements above for the actual error message
2025-11-16 11:10:52.272346: Unable to plot network architecture:
2025-11-16 11:10:52.272488: No module named 'hiddenlayer'
2025-11-16 11:10:52.286656: 
2025-11-16 11:10:52.286736: Epoch 0
2025-11-16 11:10:52.286831: Current learning rate: 0.01
2025-11-16 13:51:40.275537: train_loss 0.0382
2025-11-16 13:51:40.277972: val_loss -0.1354
2025-11-16 13:51:40.278238: Pseudo dice [np.float32(0.8084), np.float32(0.0), np.float32(0.0)]
2025-11-16 13:51:40.278433: Epoch time: 9647.99 s
2025-11-16 13:51:40.278558: Yayy! New best EMA pseudo Dice: 0.2694999873638153
2025-11-16 13:51:41.884171: 
2025-11-16 13:51:41.884311: Epoch 1
2025-11-16 13:51:41.884375: Current learning rate: 0.00999
2025-11-16 15:47:36.972518: train_loss -0.1564
2025-11-16 15:47:36.976240: val_loss -0.2173
2025-11-16 15:47:36.976559: Pseudo dice [np.float32(0.8588), np.float32(0.0), np.float32(0.0)]
2025-11-16 15:47:36.977225: Epoch time: 6955.09 s
2025-11-16 15:47:36.977414: Yayy! New best EMA pseudo Dice: 0.2712000012397766
2025-11-16 15:47:37.879877: 
2025-11-16 15:47:37.880259: Epoch 2
2025-11-16 15:47:37.880372: Current learning rate: 0.00998
2025-11-16 17:31:21.003571: train_loss -0.2608
2025-11-16 17:31:21.006382: val_loss -0.334
2025-11-16 17:31:21.006649: Pseudo dice [np.float32(0.8539), np.float32(0.5159), np.float32(0.0)]
2025-11-16 17:31:21.007341: Epoch time: 6223.12 s
2025-11-16 17:31:21.007600: Yayy! New best EMA pseudo Dice: 0.2897000014781952
2025-11-16 17:31:21.570369: 
2025-11-16 17:31:21.570531: Epoch 3
2025-11-16 17:31:21.570599: Current learning rate: 0.00997
2025-11-16 19:16:52.702354: train_loss -0.3509
2025-11-16 19:16:52.707040: val_loss -0.3685
2025-11-16 19:16:52.708088: Pseudo dice [np.float32(0.8721), np.float32(0.6091), np.float32(0.0)]
2025-11-16 19:16:52.708544: Epoch time: 6331.13 s
2025-11-16 19:16:52.708799: Yayy! New best EMA pseudo Dice: 0.3100999891757965
2025-11-16 19:16:53.320962: 
2025-11-16 19:16:53.321292: Epoch 4
2025-11-16 19:16:53.321363: Current learning rate: 0.00996
2025-11-16 21:04:48.486997: train_loss -0.3806
2025-11-16 21:04:48.488865: val_loss -0.405
2025-11-16 21:04:48.489092: Pseudo dice [np.float32(0.8884), np.float32(0.6463), np.float32(0.0)]
2025-11-16 21:04:48.489288: Epoch time: 6475.17 s
2025-11-16 21:04:48.489440: Yayy! New best EMA pseudo Dice: 0.3301999866962433
2025-11-16 21:04:49.083764: 
2025-11-16 21:04:49.083946: Epoch 5
2025-11-16 21:04:49.084016: Current learning rate: 0.00995
